<?xml version="1.0" encoding="UTF-8"?>
<!-- Generated by org.testng.reporters.JUnitReportReporter -->
<testsuite hostname="DESKTOP-3OONJHS" failures="0" tests="4" name="dataBaseTesting.DataTest" time="14.874" errors="0" timestamp="2024-08-28T14:23:53 AST" skipped="3">
  <testcase classname="dataBaseTesting.DataTest" name="getORraedData" time="14.874"/>
  <system-out/>
  <testcase classname="dataBaseTesting.DataTest" name="addData">
    <skipped/>
  </testcase> <!-- addData -->
  <system-out/>
  <testcase classname="dataBaseTesting.DataTest" name="deleteData">
    <skipped/>
  </testcase> <!-- deleteData -->
  <system-out/>
  <testcase classname="dataBaseTesting.DataTest" name="updateData">
    <skipped/>
  </testcase> <!-- updateData -->
  <system-out/>
</testsuite> <!-- dataBaseTesting.DataTest -->
