<?xml version="1.0" encoding="UTF-8"?>
<!-- Generated by org.testng.reporters.JUnitReportReporter -->
<testsuite hostname="DESKTOP-3OONJHS" failures="0" tests="1" name="dataBaseTesting.MyTestCases" time="0.102" errors="0" timestamp="2024-08-28T13:05:18 AST" skipped="0">
  <testcase classname="dataBaseTesting.MyTestCases" name="getData" time="0.102"/>
  <system-out/>
</testsuite> <!-- dataBaseTesting.MyTestCases -->
